Build started 2015-04-18 20:20:18.
     1>Project "C:\Users\Tianchi Wang\Desktop\GnV_Project\asmt3\a3.vcxproj" on node 2 (build target(s)).
     1>InitializeBuildStatus:
         Creating "Debug\final.unsuccessfulbuild" because "AlwaysCreate" was specified.
       ClCompile:
         C:\Program Files (x86)\Microsoft Visual Studio 10.0\VC\bin\CL.exe /c /IGL /Ivecmath\include /Zi /nologo /W3 /WX- /Od /Oy- /D WIN32 /D _DEBUG /D _CONSOLE /Gm /EHsc /RTC1 /MDd /GS /fp:precise /Zc:wchar_t /Zc:forScope /Fo"Debug\\" /Fd"Debug\vc100.pdb" /Gd /TP /analyze- /errorReport:prompt main.cpp
         main.cpp
     1>main.cpp(21): warning C4305: 'initializing' : truncation from 'double' to 'float'
     1>main.cpp(38): warning C4244: 'argument' : conversion from 'time_t' to 'unsigned int', possible loss of data
     1>main.cpp(54): warning C4244: 'initializing' : conversion from 'double' to 'float', possible loss of data
     1>main.cpp(201): warning C4060: switch statement contains no 'case' or 'default' labels
       ManifestResourceCompile:
         All outputs are up-to-date.
       Link:
         C:\Program Files (x86)\Microsoft Visual Studio 10.0\VC\bin\link.exe /ERRORREPORT:PROMPT /OUT:"C:\Users\Tianchi Wang\Desktop\GnV_Project\asmt3\Debug\final.exe" /INCREMENTAL /NOLOGO RK4D.lib freeglut.lib kernel32.lib user32.lib gdi32.lib winspool.lib comdlg32.lib advapi32.lib shell32.lib ole32.lib oleaut32.lib uuid.lib odbc32.lib odbccp32.lib kernel32.lib user32.lib gdi32.lib winspool.lib comdlg32.lib advapi32.lib shell32.lib ole32.lib oleaut32.lib uuid.lib odbc32.lib odbccp32.lib /MANIFEST /ManifestFile:"Debug\final.exe.intermediate.manifest" /MANIFESTUAC:"level='asInvoker' uiAccess='false'" /DEBUG /PDB:"C:\Users\Tianchi Wang\Desktop\GnV_Project\asmt3\Debug\final.pdb" /SUBSYSTEM:CONSOLE /TLBID:1 /DYNAMICBASE /NXCOMPAT /IMPLIB:"C:\Users\Tianchi Wang\Desktop\GnV_Project\asmt3\Debug\final.lib" /MACHINE:X86 Debug\final.exe.embed.manifest.res
         Debug\camera.obj
         Debug\ClothSystem.obj
         Debug\main.obj
         Debug\particleSystem.obj
         Debug\pendulumSystem.obj
         Debug\simpleSystem.obj
         Debug\TimeStepper.obj
         Debug\Matrix2f.obj
         Debug\Matrix3f.obj
         Debug\Matrix4f.obj
         Debug\Quat4f.obj
         Debug\Vector2f.obj
         Debug\Vector3f.obj
         Debug\Vector4f.obj
       Manifest:
         C:\Program Files (x86)\Microsoft SDKs\Windows\v7.0A\bin\mt.exe /nologo /verbose /out:"Debug\final.exe.embed.manifest" /manifest Debug\final.exe.intermediate.manifest
         All outputs are up-to-date.
       LinkEmbedManifest:
         All outputs are up-to-date.
         a3.vcxproj -> C:\Users\Tianchi Wang\Desktop\GnV_Project\asmt3\Debug\final.exe
       FinalizeBuildStatus:
         Deleting file "Debug\final.unsuccessfulbuild".
         Touching "Debug\final.lastbuildstate".
     1>Done Building Project "C:\Users\Tianchi Wang\Desktop\GnV_Project\asmt3\a3.vcxproj" (build target(s)).

Build succeeded.

Time Elapsed 00:00:01.55
